modules/pub/build/outputs/logs/manifest-merger-debug-report.txt
-- Merging decision tree log ---
manifest
ADDED from src/main/AndroidManifest.xml:2:1-11:12
INJECTED from src/main/AndroidManifest.xml:2:1-11:12
INJECTED from src/main/AndroidManifest.xml:2:1-11:12
INJECTED from src/main/AndroidManifest.xml:2:1-11:12
INJECTED from src/main/AndroidManifest.xml:2:1-11:12
INJECTED from src/main/AndroidManifest.xml:2:1-11:12
INJECTED from src/main/AndroidManifest.xml:2:1-11:12
	package
		ADDED from src/main/AndroidManifest.xml:3:5-49
		INJECTED from src/main/AndroidManifest.xml
		INJECTED from src/main/AndroidManifest.xml
	android:versionName
		INJECTED from src/main/AndroidManifest.xml
		ADDED from src/main/AndroidManifest.xml:2:1-11:12
		INJECTED from src/main/AndroidManifest.xml
	android:versionCode
		INJECTED from src/main/AndroidManifest.xml
		ADDED from src/main/AndroidManifest.xml:2:1-11:12
		INJECTED from src/main/AndroidManifest.xml
	xmlns:android
		ADDED from src/main/AndroidManifest.xml:2:11-69
application
ADDED from src/main/AndroidManifest.xml:5:5-9:19
activity#com.github.pgycode.wanandroid.blog.act.WebviewActivity
ADDED from src/main/AndroidManifest.xml:7:9-56
	android:name
		ADDED from src/main/AndroidManifest.xml:7:19-54
activity#com.github.pgycode.wanandroid.blog.act.PrjActivity
ADDED from src/main/AndroidManifest.xml:8:9-52
	android:name
		ADDED from src/main/AndroidManifest.xml:8:19-50
uses-sdk
INJECTED from src/main/AndroidManifest.xml reason: use-sdk injection requested
INJECTED from src/main/AndroidManifest.xml
INJECTED from src/main/AndroidManifest.xml
INJECTED from src/main/AndroidManifest.xml
INJECTED from src/main/AndroidManifest.xml
	android:targetSdkVersion
		INJECTED from src/main/AndroidManifest.xml
		ADDED from src/main/AndroidManifest.xml
		INJECTED from src/main/AndroidManifest.xml
	android:minSdkVersion
		INJECTED from src/main/AndroidManifest.xml
		ADDED from src/main/AndroidManifest.xml
		INJECTED from src/main/AndroidManifest.xml